<?xml version="1.0" encoding="UTF-8"?>
<testng-results ignored="0" total="1" passed="1" failed="0" skipped="0">
  <reporter-output>
  </reporter-output>
  <suite started-at="2025-01-28T20:51:00 IST" name="Default suite" finished-at="2025-01-28T20:51:30 IST" duration-ms="30301">
    <groups>
      <group name="cucumber">
        <method signature="AbstractTestNGCucumberTests.runScenario(io.cucumber.testng.PickleWrapper,io.cucumber.testng.FeatureWrapper)[pri:0, instance:com.bigbasket.Runner.TestRunner@35dab4eb]" name="runScenario" class="io.cucumber.testng.AbstractTestNGCucumberTests"/>
      </group> <!-- cucumber -->
    </groups>
    <test started-at="2025-01-28T20:51:00 IST" name="Default test" finished-at="2025-01-28T20:51:30 IST" duration-ms="30301">
      <class name="com.bigbasket.Runner.TestRunner">
        <test-method is-config="true" signature="setUpClass(org.testng.ITestContext)[pri:0, instance:com.bigbasket.Runner.TestRunner@35dab4eb]" started-at="2025-01-28T20:51:00 IST" name="setUpClass" finished-at="2025-01-28T20:51:00 IST" duration-ms="215" status="PASS">
          <params>
            <param index="0">
              <value>
                <![CDATA[org.testng.TestRunner@4fad6218]]>
              </value>
            </param>
          </params>
          <reporter-output>
          </reporter-output>
        </test-method> <!-- setUpClass -->
        <test-method signature="runScenario(io.cucumber.testng.PickleWrapper,io.cucumber.testng.FeatureWrapper)[pri:0, instance:com.bigbasket.Runner.TestRunner@35dab4eb]" started-at="2025-01-28T20:51:00 IST" name="runScenario" description="Runs Cucumber Scenarios" data-provider="scenarios" finished-at="2025-01-28T20:51:30 IST" duration-ms="30024" status="PASS">
          <params>
            <param index="0">
              <value>
                <![CDATA["Verify when user click "Home","bakery,cakes&dairy","dairy" & "fresh milk" links then user should able to navigate that perticular page."]]>
              </value>
            </param>
            <param index="1">
              <value>
                <![CDATA["Product Detail Page functionality"]]>
              </value>
            </param>
          </params>
          <reporter-output>
          </reporter-output>
        </test-method> <!-- runScenario -->
        <test-method is-config="true" signature="tearDownClass()[pri:0, instance:com.bigbasket.Runner.TestRunner@35dab4eb]" started-at="2025-01-28T20:51:30 IST" name="tearDownClass" finished-at="2025-01-28T20:51:30 IST" duration-ms="13" status="PASS">
          <reporter-output>
          </reporter-output>
        </test-method> <!-- tearDownClass -->
      </class> <!-- com.bigbasket.Runner.TestRunner -->
    </test> <!-- Default test -->
  </suite> <!-- Default suite -->
</testng-results>
